<?xml version="1.0" encoding="UTF-8"?>
<testng-results skipped="0" failed="0" ignored="0" total="2" passed="2">
  <reporter-output>
  </reporter-output>
  <suite name="Default suite" duration-ms="3077" started-at="2021-05-26T08:53:53 IST" finished-at="2021-05-26T08:53:56 IST">
    <groups>
    </groups>
    <test name="Default test" duration-ms="3077" started-at="2021-05-26T08:53:53 IST" finished-at="2021-05-26T08:53:56 IST">
      <class name="cowin.book_appoinment">
        <test-method status="PASS" signature="check_vacination_same_day()[pri:1, instance:cowin.book_appoinment@4b1c1ea0]" name="check_vacination_same_day" duration-ms="2802" started-at="2021-05-26T08:53:53 IST" finished-at="2021-05-26T08:53:56 IST">
          <reporter-output>
          </reporter-output>
        </test-method> <!-- check_vacination_same_day -->
        <test-method status="PASS" signature="check_vacination_nextday()[pri:2, instance:cowin.book_appoinment@4b1c1ea0]" name="check_vacination_nextday" duration-ms="229" started-at="2021-05-26T08:53:56 IST" finished-at="2021-05-26T08:53:56 IST">
          <reporter-output>
          </reporter-output>
        </test-method> <!-- check_vacination_nextday -->
      </class> <!-- cowin.book_appoinment -->
    </test> <!-- Default test -->
  </suite> <!-- Default suite -->
</testng-results>
